<?xml version="1.0" encoding="utf-8" ?>
<beans xmlns="http://www.springframework.org/schema/beans"
       xmlns:xsi="http://www.w3.org/2001/XMLSchema-instance"
       xmlns:aop="http://www.springframework.org/schema/aop"
       xmlns:tx="http://www.springframework.org/schema/tx"
       xsi:schemaLocation="http://www.springframework.org/schema/beans
           http://www.springframework.org/schema/beans/spring-beans-3.0.xsd
           http://www.springframework.org/schema/aop
           http://www.springframework.org/schema/aop/spring-aop-3.0.xsd
           http://www.springframework.org/schema/tx
           http://www.springframework.org/schema/tx/spring-tx-3.0.xsd
">
    <aop:config>
        <aop:advisor advice-ref="transactionAdvice" pointcut="bean(userService)" />
    </aop:config>
    <tx:advice id="transactionAdvice">
        <tx:attributes>
            <tx:method name="get*"  read-only="true" />
            <tx:method name="*" />
        </tx:attributes>
    </tx:advice>
    <tx:annotation-driven />
    <bean id="dataSource" class="org.springframework.jdbc.datasource.SimpleDriverDataSource">
        <property name="driverClass" value="org.mariadb.jdbc.Driver"/>
        <property name="url" value="jdbc:mariadb://localhost/testdb"/>
        <property name="username" value="root"/>
        <property name="password" value="root"/>
    </bean>
    <bean id="userService" class="com.byultudy.user.service.UserServiceImpl">
        <property name="userDao" ref="userDao"/>
        <property name="mailSender" ref="mailSender"/>
    </bean>
    <bean id="testUserService" class="com.byultudy.user.service.UserServiceTest$TestUserServiceImpl" parent="userService" />
    <bean id="userDao" class="com.byultudy.user.dao.UserDaoJdbc">
        <property name="dataSource" ref="dataSource"/>
        <property name="sqlService" ref="sqlService"/>
    </bean>
    <bean id="sqlService" class="com.byultudy.user.sqlService.XmlSqlService">
    </bean>
    <bean id="transactionManager" class="org.springframework.jdbc.datasource.DataSourceTransactionManager">
        <property name="dataSource" ref="dataSource"/>
    </bean>
    <bean id="mailSender" class="com.byultudy.user.service.DummyMailSender">
    </bean>

    <bean id="transactionPointCut" class="org.springframework.aop.aspectj.AspectJExpressionPointcut">
        <property name="expression" value="bean(*Service)"/>
    </bean>
    <bean id="transactionAdvisor" class="org.springframework.aop.support.DefaultPointcutAdvisor">
        <property name="advice" ref="transactionAdvice"/>
        <property name="pointcut" ref="transactionPointCut"/>
    </bean>
    <bean class="org.springframework.aop.framework.autoproxy.DefaultAdvisorAutoProxyCreator" />

</beans>
