<?xml version="1.0" encoding="utf-8" ?>
<beans xmlns="http://www.springframework.org/schema/beans"
       xmlns:xsi="http://www.w3.org/2001/XMLSchema-instance"
       xmlns:aop="http://www.springframework.org/schema/aop"
       xmlns:context="http://www.springframework.org/schema/context"
       xmlns:tx="http://www.springframework.org/schema/tx"
       xmlns:jdbc="http://www.springframework.org/schema/jdbc"
       xsi:schemaLocation="http://www.springframework.org/schema/beans
           http://www.springframework.org/schema/beans/spring-beans-3.0.xsd
           http://www.springframework.org/schema/aop
           http://www.springframework.org/schema/aop/spring-aop-3.0.xsd
           http://www.springframework.org/schema/context
           http://www.springframework.org/schema/context/spring-context-3.0.xsd
           http://www.springframework.org/schema/tx
           http://www.springframework.org/schema/tx/spring-tx-3.0.xsd
           http://www.springframework.org/schema/jdbc http://www.springframework.org/schema/jdbc/spring-jdbc-3.0.xsd
">
    <aop:config>
        <aop:advisor advice-ref="transactionAdvice" pointcut="bean(userService)" />
    </aop:config>
    <tx:advice id="transactionAdvice">
        <tx:attributes>
            <tx:method name="get*"  read-only="true" />
            <tx:method name="*" />
        </tx:attributes>
    </tx:advice>
    <tx:annotation-driven />
    <context:annotation-config />
    <bean id="sqlService" class="com.byultudy.user.sqlService.OxmSqlService">
        <property name="unmarshaller" ref="unmarshaller" />
        <property name="sqlRegistry" ref="sqlRegistry" />
    </bean>

    <bean id="unmarshaller" class="org.springframework.oxm.jaxb.Jaxb2Marshaller">
        <property name="contextPath" value="C:\workspace\study\spring\chapter7\src\main\java\com\byultudy\user\sqlService\jaxb"/>
    </bean>
    <bean id="sqlReader" class="com.byultudy.user.sqlService.JaxbXmlSqlReader">
        <property name="sqlmapFile" value="/sqlmap.xml" />
    </bean>
    <bean id="sqlRegistry" class="com.byultudy.user.sqlService.updatable.EmbeddedDbSqlRegistry">
        <property name="dataSource" ref="embeddedDatabase" />
    </bean>

    <jdbc:embedded-database id="embeddedDatabase" type="H2">
        <jdbc:script location="classpath:schema.sql"/>
    </jdbc:embedded-database>
    <bean id="dataSource" class="org.springframework.jdbc.datasource.SimpleDriverDataSource">
        <property name="driverClass" value="org.mariadb.jdbc.Driver"/>
        <property name="url" value="jdbc:mariadb://localhost/testdb"/>
        <property name="username" value="root"/>
        <property name="password" value="root"/>
    </bean>
    <bean id="userService" class="com.byultudy.user.service.UserServiceImpl">
        <property name="userDao" ref="userDao"/>
        <property name="mailSender" ref="mailSender"/>
    </bean>
    <bean id="testUserService" class="com.byultudy.user.service.UserServiceTest$TestUserServiceImpl" parent="userService" />
    <bean id="userDao" class="com.byultudy.user.dao.UserDaoJdbc">
        <property name="dataSource" ref="dataSource"/>
        <property name="sqlService" ref="sqlService"/>
    </bean>

    <bean id="transactionManager" class="org.springframework.jdbc.datasource.DataSourceTransactionManager">
        <property name="dataSource" ref="dataSource"/>
    </bean>
    <bean id="mailSender" class="com.byultudy.user.service.DummyMailSender">
    </bean>

    <bean id="transactionPointCut" class="org.springframework.aop.aspectj.AspectJExpressionPointcut">
        <property name="expression" value="bean(*Service)"/>
    </bean>
    <bean id="transactionAdvisor" class="org.springframework.aop.support.DefaultPointcutAdvisor">
        <property name="advice" ref="transactionAdvice"/>
        <property name="pointcut" ref="transactionPointCut"/>
    </bean>
    <bean class="org.springframework.aop.framework.autoproxy.DefaultAdvisorAutoProxyCreator" />

</beans>
