<?xml version="1.0" encoding="utf-8" ?>
<beans xmlns="http://www.springframework.org/schema/beans"
       xmlns:xsi="http://www.w3.org/2001/XMLSchema-instance"
       xsi:schemaLocation="http://www.springframework.org/schema/beans
           http://www.springframework.org/schema/beans/spring-beans-3.0.xsd">
    <bean id="dataSource" class="org.springframework.jdbc.datasource.SimpleDriverDataSource">
        <property name="driverClass" value="org.mariadb.jdbc.Driver"/>
        <property name="url" value="jdbc:mariadb://localhost/testdb"/>
        <property name="username" value="root"/>
        <property name="password" value="root"/>
    </bean>
    <bean id="userService" class="com.byultudy.user.service.UserServiceImpl">
        <property name="userDao" ref="userDao"/>
        <property name="mailSender" ref="mailSender"/>
    </bean>
    <bean id="testUserService" class="com.byultudy.user.service.UserServiceTest$TestUserServiceImpl" parent="userService" />
    <bean id="userDao" class="com.byultudy.user.dao.UserDaoJdbc">
        <property name="dataSource" ref="dataSource"/>
    </bean>
    <bean id="transactionManager" class="org.springframework.jdbc.datasource.DataSourceTransactionManager">
        <property name="dataSource" ref="dataSource"/>
    </bean>
    <bean id="mailSender" class="com.byultudy.user.service.DummyMailSender">
    </bean>

    <bean id="message" class="com.byultudy.message.MessageFactoryBean">
        <property name="text" value="Factory Bean" />
    </bean>

    <bean id="transactionAdvise" class="com.byultudy.jdk.TransactionAdvise">
        <property name="transactionManager" ref="transactionManager"/>
    </bean>
    <bean id="transactionPointCut" class="org.springframework.aop.aspectj.AspectJExpressionPointcut">
        <property name="expression" value="execution(* *..*ServiceImpl.upgrade*(..))"/>
    </bean>
    <bean id="transactionAdvisor" class="org.springframework.aop.support.DefaultPointcutAdvisor">
        <property name="advice" ref="transactionAdvise"/>
        <property name="pointcut" ref="transactionPointCut"/>
    </bean>
    <bean class="org.springframework.aop.framework.autoproxy.DefaultAdvisorAutoProxyCreator" />

</beans>
